<?xml version="1.0" encoding="UTF-8"?>
<Site BuildName="(empty)"
	BuildStamp="20241107-2349-Experimental"
	Name="(empty)"
	Generator="ctest-3.28.3"
	CompilerName=""
	CompilerVersion=""
	OSName="Linux"
	Hostname="pczhlicht"
	OSRelease="5.15.153.1-microsoft-standard-WSL2"
	OSVersion="#1 SMP Fri Mar 29 23:14:13 UTC 2024"
	OSPlatform="x86_64"
	Is64Bits="1"
	VendorString="GenuineIntel"
	VendorID="Intel Corporation"
	FamilyID="6"
	ModelID="183"
	ProcessorCacheSize="36864"
	NumberOfLogicalCPU="32"
	NumberOfPhysicalCPU="16"
	TotalVirtualMemory="16384"
	TotalPhysicalMemory="64149"
	LogicalProcessorsPerPhysical="2"
	ProcessorClockFrequency="2995.2"
	>
	<Testing>
		<StartDateTime>Nov 08 07:49 CST</StartDateTime>
		<StartTestTime>1731023352</StartTestTime>
		<TestList/>
		<EndDateTime>Nov 08 07:49 CST</EndDateTime>
		<EndTestTime>1731023352</EndTestTime>
		<ElapsedMinutes>0</ElapsedMinutes>
	</Testing>
</Site>
